<?xml version="1.0" encoding="UTF-8"?>
<!-- Generated by org.testng.reporters.JUnitReportReporter -->
<testsuite hostname="DESKTOP-8QBIHO6" failures="0" tests="1" name="TestScript.SampleTest" time="0.012" errors="0" timestamp="2024-02-09T14:59:03 IST" skipped="0">
  <testcase classname="TestScript.SampleTest" name="test" time="0.012"/>
  <system-out>
    <![CDATA[Sample1Test executed]]>
  </system-out>
</testsuite> <!-- TestScript.SampleTest -->
