<?xml version="1.0" encoding="UTF-8"?>
<!-- Generated by org.testng.reporters.JUnitReportReporter -->
<testsuite hostname="DESKTOP-8QBIHO6" failures="0" tests="1" name="TestScript.Sample1Test" time="0.015" errors="0" timestamp="2024-02-12T11:26:34 IST" skipped="0">
  <testcase classname="TestScript.Sample1Test" name="test" time="0.015"/>
  <system-out>
    <![CDATA[Sample1Test executed]]>
  </system-out>
</testsuite> <!-- TestScript.Sample1Test -->
