<?xml version="1.0" encoding="UTF-8"?>
<!-- Generated by org.testng.reporters.JUnitReportReporter -->
<testsuite hostname="DESKTOP-8QBIHO6" failures="0" tests="1" name="TestScript.RegistrationTestCase" time="4.056" errors="0" timestamp="2024-02-09T16:50:55 IST" skipped="0">
  <testcase classname="TestScript.RegistrationTestCase" name="testcase" time="4.056"/>
  <system-out/>
</testsuite> <!-- TestScript.RegistrationTestCase -->
