<?xml version="1.0" encoding="UTF-8"?>
<!-- Generated by org.testng.reporters.JUnitReportReporter -->
<testsuite hostname="DESKTOP-8QBIHO6" failures="0" tests="1" name="TestScript.LogInTestCase" time="1.816" errors="0" timestamp="2024-02-10T22:58:22 IST" skipped="0">
  <testcase classname="TestScript.LogInTestCase" name="testcase" time="1.816"/>
  <system-out/>
</testsuite> <!-- TestScript.LogInTestCase -->
