<?xml version="1.0" encoding="UTF-8"?>
<!-- Generated by org.testng.reporters.JUnitReportReporter -->
<testsuite hostname="DESKTOP-8QBIHO6" failures="0" tests="2" name="TestScript.SampleTest1" time="0.015" errors="0" timestamp="2024-02-12T11:31:55 IST" skipped="0">
  <testcase classname="TestScript.SampleTest1" name="test" time="0.014"/>
  <system-out>
    <![CDATA[Sample1Test executed]]>
  </system-out>
  <testcase classname="TestScript.SampleTest1" name="test1" time="0.001"/>
  <system-out>
    <![CDATA[Sample1Test1 executed]]>
  </system-out>
</testsuite> <!-- TestScript.SampleTest1 -->
