<?xml version="1.0" encoding="UTF-8"?>
<!-- Generated by org.testng.reporters.JUnitReportReporter -->
<testsuite hostname="DESKTOP-8QBIHO6" failures="0" tests="4" name="TestScript.endtoendTest" time="5.951" errors="0" timestamp="2024-02-12T16:01:38 IST" skipped="0">
  <testcase classname="TestScript.endtoendTest" name="testcase3" time="2.133"/>
  <system-out/>
  <testcase classname="TestScript.endtoendTest" name="testcase1" time="1.742"/>
  <system-out/>
  <testcase classname="TestScript.endtoendTest" name="testcase4" time="0.955"/>
  <system-out/>
  <testcase classname="TestScript.endtoendTest" name="testcase2" time="1.121"/>
  <system-out/>
</testsuite> <!-- TestScript.endtoendTest -->
