<?xml version="1.0" encoding="UTF-8"?>
<!-- Generated by org.testng.reporters.JUnitReportReporter -->
<testsuite hostname="DESKTOP-8QBIHO6" failures="0" tests="1" name="TestScript.Sample3Test" time="19.535" errors="0" timestamp="2024-02-12T15:35:25 IST" skipped="0">
  <testcase classname="TestScript.Sample3Test" name="testCase" time="19.535"/>
  <system-out/>
</testsuite> <!-- TestScript.Sample3Test -->
